<?xml version="1.0" encoding="UTF-8"?>
<!-- Generated by org.testng.reporters.JUnitReportReporter -->
<testsuite hostname="DESKTOP-JSGGNFC" failures="0" tests="2" name="TestScripts.DashboardTest" time="9.797" errors="0" timestamp="2023-01-10T14:30:31 IST" skipped="0">
  <testcase classname="TestScripts.DashboardTest" name="loginTest" time="0.263"/>
  <system-out/>
  <testcase classname="TestScripts.DashboardTest" name="Dashboardtest" time="9.534"/>
  <system-out/>
</testsuite> <!-- TestScripts.DashboardTest -->
